 
New instance of bashtop version: 0.9.25 Pid: 413
PSUTIL ERROR! Command: get_cmd_out('sensors 2>/dev/null')
Command 'sensors 2>/dev/null' returned non-zero exit status 1.
03:11:53 PM ERROR: On line 2064 
/usr/sbin/bashtop: line 3405: pid_Pid:_graph: invalid variable name
 
New instance of bashtop version: 0.9.25 Pid: 748
/usr/sbin/bashtop: line 3405: pid_Pid:_graph: invalid variable name
/usr/sbin/bashtop: line 3405: pid_Pid:_graph: invalid variable name
 
New instance of bashtop version: 0.9.25 Pid: 910
 
New instance of bashtop version: 0.9.25 Pid: 1532
/usr/sbin/bashtop: line 3405: pid_Pid:_graph: invalid variable name
/usr/sbin/bashtop: line 3405: pid_Pid:_graph: invalid variable name
 
New instance of bashtop version: 0.9.25 Pid: 1587
/usr/sbin/bashtop: line 3405: pid_Pid:_graph: invalid variable name
/usr/sbin/bashtop: line 3405: pid_Pid:_graph: invalid variable name
 
New instance of bashtop version: 0.9.25 Pid: 1654
/usr/sbin/bashtop: line 3405: pid_Pid:_graph: invalid variable name
/usr/sbin/bashtop: line 3405: pid_Pid:_graph: invalid variable name
 
New instance of bashtop version: 0.9.25 Pid: 1707
/usr/sbin/bashtop: line 3405: pid_Pid:_graph: invalid variable name
/usr/sbin/bashtop: line 3405: pid_Pid:_graph: invalid variable name
 
New instance of bashtop version: 0.9.25 Pid: 1835
/usr/sbin/bashtop: line 3405: pid_Pid:_graph: invalid variable name
/usr/sbin/bashtop: line 3405: pid_Pid:_graph: invalid variable name
 
New instance of bashtop version: 0.9.25 Pid: 1944
/usr/sbin/bashtop: line 3405: pid_Pid:_graph: invalid variable name
/usr/sbin/bashtop: line 3405: pid_Pid:_graph: invalid variable name
 
New instance of bashtop version: 0.9.25 Pid: 194
